  Dungeon.cpp
C:\Users\user\Desktop\oop_lab\Dungeon\Dungeon.cpp(572,2): warning C4267: '正在初始化': 將 'size_t' 轉換為 'int'，資料可能遺失
C:\Users\user\Desktop\oop_lab\Dungeon\Dungeon.cpp(573,33): warning C4267: '正在初始化': 將 'size_t' 轉換為 'int'，資料可能遺失
C:\Users\user\Desktop\oop_lab\Dungeon\Dungeon.cpp(611,49): warning C4267: '正在初始化': 將 'size_t' 轉換為 'int'，資料可能遺失
  GameCharacter.cpp
  Item.cpp
  main.cpp
C:\Users\user\Desktop\oop_lab\Dungeon\main.cpp(14,15): warning C4244: '引數': 將 'time_t' 轉換為 'unsigned int'，由於類型不同，可能導致資料遺失
  Monster.cpp
  NPC.cpp
  Object.cpp
  Player.cpp
  Record.cpp
  Room.cpp
  Boss.cpp
C:\Users\user\Desktop\oop_lab\Project1\Project1\Boss.cpp(81,15): warning C4244: '正在初始化': 將 'double' 轉換為 'int'，由於類型不同，可能導致資料遺失
C:\Users\user\Desktop\oop_lab\Project1\Project1\Boss.cpp(94,10): warning C4244: '正在初始化': 將 'double' 轉換為 'int'，由於類型不同，可能導致資料遺失
C:\Users\user\Desktop\oop_lab\Project1\Project1\Boss.cpp(95,10): warning C4244: '正在初始化': 將 'double' 轉換為 'int'，由於類型不同，可能導致資料遺失
  skill.cpp
C:\Users\user\Desktop\oop_lab\Project1\Project1\skill.cpp(53,42): warning C4244: '引數': 將 'double' 轉換為 'int'，由於類型不同，可能導致資料遺失
C:\Users\user\Desktop\oop_lab\Project1\Project1\skill.cpp(54,47): warning C4244: '引數': 將 'double' 轉換為 'int'，由於類型不同，可能導致資料遺失
C:\Users\user\Desktop\oop_lab\Project1\Project1\skill.cpp(57,42): warning C4244: '引數': 將 'double' 轉換為 'int'，由於類型不同，可能導致資料遺失
C:\Users\user\Desktop\oop_lab\Project1\Project1\skill.cpp(58,47): warning C4244: '引數': 將 'double' 轉換為 'int'，由於類型不同，可能導致資料遺失
C:\Users\user\Desktop\oop_lab\Project1\Project1\skill.cpp(61,42): warning C4244: '引數': 將 'double' 轉換為 'int'，由於類型不同，可能導致資料遺失
C:\Users\user\Desktop\oop_lab\Project1\Project1\skill.cpp(62,47): warning C4244: '引數': 將 'double' 轉換為 'int'，由於類型不同，可能導致資料遺失
C:\Users\user\Desktop\oop_lab\Project1\Project1\skill.cpp(69,43): warning C4244: '引數': 將 'double' 轉換為 'int'，由於類型不同，可能導致資料遺失
C:\Users\user\Desktop\oop_lab\Project1\Project1\skill.cpp(70,51): warning C4244: '引數': 將 'double' 轉換為 'int'，由於類型不同，可能導致資料遺失
C:\Users\user\Desktop\oop_lab\Project1\Project1\skill.cpp(73,43): warning C4244: '引數': 將 'double' 轉換為 'int'，由於類型不同，可能導致資料遺失
C:\Users\user\Desktop\oop_lab\Project1\Project1\skill.cpp(74,51): warning C4244: '引數': 將 'double' 轉換為 'int'，由於類型不同，可能導致資料遺失
C:\Users\user\Desktop\oop_lab\Project1\Project1\skill.cpp(77,43): warning C4244: '引數': 將 'double' 轉換為 'int'，由於類型不同，可能導致資料遺失
C:\Users\user\Desktop\oop_lab\Project1\Project1\skill.cpp(78,51): warning C4244: '引數': 將 'double' 轉換為 'int'，由於類型不同，可能導致資料遺失
C:\Users\user\Desktop\oop_lab\Project1\Project1\skill.cpp(85,42): warning C4244: '引數': 將 'double' 轉換為 'int'，由於類型不同，可能導致資料遺失
C:\Users\user\Desktop\oop_lab\Project1\Project1\skill.cpp(88,42): warning C4244: '引數': 將 'double' 轉換為 'int'，由於類型不同，可能導致資料遺失
C:\Users\user\Desktop\oop_lab\Project1\Project1\skill.cpp(91,42): warning C4244: '引數': 將 'double' 轉換為 'int'，由於類型不同，可能導致資料遺失
C:\Users\user\Desktop\oop_lab\Project1\Project1\skill.cpp(129,44): warning C4244: '引數': 將 'double' 轉換為 'int'，由於類型不同，可能導致資料遺失
C:\Users\user\Desktop\oop_lab\Project1\Project1\skill.cpp(130,49): warning C4244: '引數': 將 'double' 轉換為 'int'，由於類型不同，可能導致資料遺失
C:\Users\user\Desktop\oop_lab\Project1\Project1\skill.cpp(133,44): warning C4244: '引數': 將 'double' 轉換為 'int'，由於類型不同，可能導致資料遺失
C:\Users\user\Desktop\oop_lab\Project1\Project1\skill.cpp(134,49): warning C4244: '引數': 將 'double' 轉換為 'int'，由於類型不同，可能導致資料遺失
C:\Users\user\Desktop\oop_lab\Project1\Project1\skill.cpp(137,44): warning C4244: '引數': 將 'double' 轉換為 'int'，由於類型不同，可能導致資料遺失
C:\Users\user\Desktop\oop_lab\Project1\Project1\skill.cpp(138,49): warning C4244: '引數': 將 'double' 轉換為 'int'，由於類型不同，可能導致資料遺失
C:\Users\user\Desktop\oop_lab\Project1\Project1\skill.cpp(145,45): warning C4244: '引數': 將 'double' 轉換為 'int'，由於類型不同，可能導致資料遺失
C:\Users\user\Desktop\oop_lab\Project1\Project1\skill.cpp(146,53): warning C4244: '引數': 將 'double' 轉換為 'int'，由於類型不同，可能導致資料遺失
C:\Users\user\Desktop\oop_lab\Project1\Project1\skill.cpp(149,45): warning C4244: '引數': 將 'double' 轉換為 'int'，由於類型不同，可能導致資料遺失
C:\Users\user\Desktop\oop_lab\Project1\Project1\skill.cpp(150,53): warning C4244: '引數': 將 'double' 轉換為 'int'，由於類型不同，可能導致資料遺失
C:\Users\user\Desktop\oop_lab\Project1\Project1\skill.cpp(153,45): warning C4244: '引數': 將 'double' 轉換為 'int'，由於類型不同，可能導致資料遺失
C:\Users\user\Desktop\oop_lab\Project1\Project1\skill.cpp(154,53): warning C4244: '引數': 將 'double' 轉換為 'int'，由於類型不同，可能導致資料遺失
C:\Users\user\Desktop\oop_lab\Project1\Project1\skill.cpp(161,47): warning C4244: '引數': 將 'double' 轉換為 'int'，由於類型不同，可能導致資料遺失
C:\Users\user\Desktop\oop_lab\Project1\Project1\skill.cpp(164,47): warning C4244: '引數': 將 'double' 轉換為 'int'，由於類型不同，可能導致資料遺失
C:\Users\user\Desktop\oop_lab\Project1\Project1\skill.cpp(167,47): warning C4244: '引數': 將 'double' 轉換為 'int'，由於類型不同，可能導致資料遺失
  正在產生程式碼
  Previous IPDB not found, fall back to full compilation.
C:\Users\user\Desktop\oop_lab\Dungeon\Player.cpp(211): warning C4715: 'Player::getOccupation': 不是所有控制路徑都傳回值
C:\Users\user\Desktop\oop_lab\Dungeon\Item.cpp(79): warning C4715: 'Item::getRare': 不是所有控制路徑都傳回值
  All 920 functions were compiled because no usable IPDB/IOBJ from previous compilation was found.
  已完成程式碼產生
  Project1.vcxproj -> C:\Users\user\Desktop\oop_lab\Project1\x64\Release\Project1.exe
