c:\users\user\desktop\oop_lab\project1\project1\x64\debug\vc143.pdb
c:\users\user\desktop\oop_lab\project1\project1\x64\debug\vc143.idb
c:\users\user\desktop\oop_lab\project1\project1\x64\debug\dungeon.nativecodeanalysis.sarif
c:\users\user\desktop\oop_lab\project1\project1\x64\debug\dungeon.nativecodeanalysis.xml
c:\users\user\desktop\oop_lab\project1\project1\x64\debug\gamecharacter.nativecodeanalysis.sarif
c:\users\user\desktop\oop_lab\project1\project1\x64\debug\gamecharacter.nativecodeanalysis.xml
c:\users\user\desktop\oop_lab\project1\project1\x64\debug\item.nativecodeanalysis.sarif
c:\users\user\desktop\oop_lab\project1\project1\x64\debug\item.nativecodeanalysis.xml
c:\users\user\desktop\oop_lab\project1\project1\x64\debug\main.nativecodeanalysis.sarif
c:\users\user\desktop\oop_lab\project1\project1\x64\debug\main.nativecodeanalysis.xml
c:\users\user\desktop\oop_lab\project1\project1\x64\debug\monster.nativecodeanalysis.sarif
c:\users\user\desktop\oop_lab\project1\project1\x64\debug\monster.nativecodeanalysis.xml
c:\users\user\desktop\oop_lab\project1\project1\x64\debug\npc.nativecodeanalysis.sarif
c:\users\user\desktop\oop_lab\project1\project1\x64\debug\npc.nativecodeanalysis.xml
c:\users\user\desktop\oop_lab\project1\project1\x64\debug\object.nativecodeanalysis.sarif
c:\users\user\desktop\oop_lab\project1\project1\x64\debug\object.nativecodeanalysis.xml
c:\users\user\desktop\oop_lab\project1\project1\x64\debug\player.nativecodeanalysis.sarif
c:\users\user\desktop\oop_lab\project1\project1\x64\debug\player.nativecodeanalysis.xml
c:\users\user\desktop\oop_lab\project1\project1\x64\debug\record.nativecodeanalysis.sarif
c:\users\user\desktop\oop_lab\project1\project1\x64\debug\record.nativecodeanalysis.xml
c:\users\user\desktop\oop_lab\project1\project1\x64\debug\room.nativecodeanalysis.sarif
c:\users\user\desktop\oop_lab\project1\project1\x64\debug\room.nativecodeanalysis.xml
c:\users\user\desktop\oop_lab\project1\project1\x64\debug\boss.nativecodeanalysis.sarif
c:\users\user\desktop\oop_lab\project1\project1\x64\debug\boss.nativecodeanalysis.xml
c:\users\user\desktop\oop_lab\project1\project1\x64\debug\skill.nativecodeanalysis.sarif
c:\users\user\desktop\oop_lab\project1\project1\x64\debug\skill.nativecodeanalysis.xml
c:\users\user\desktop\oop_lab\project1\project1\x64\debug\skill.obj
c:\users\user\desktop\oop_lab\project1\project1\x64\debug\boss.obj
c:\users\user\desktop\oop_lab\project1\project1\x64\debug\room.obj
c:\users\user\desktop\oop_lab\project1\project1\x64\debug\record.obj
c:\users\user\desktop\oop_lab\project1\project1\x64\debug\player.obj
c:\users\user\desktop\oop_lab\project1\project1\x64\debug\object.obj
c:\users\user\desktop\oop_lab\project1\project1\x64\debug\npc.obj
c:\users\user\desktop\oop_lab\project1\project1\x64\debug\monster.obj
c:\users\user\desktop\oop_lab\project1\project1\x64\debug\main.obj
c:\users\user\desktop\oop_lab\project1\project1\x64\debug\item.obj
c:\users\user\desktop\oop_lab\project1\project1\x64\debug\gamecharacter.obj
c:\users\user\desktop\oop_lab\project1\project1\x64\debug\dungeon.obj
c:\users\user\desktop\oop_lab\project1\project1\x64\debug\project1.ilk
c:\users\user\desktop\oop_lab\project1\x64\debug\project1.exe
c:\users\user\desktop\oop_lab\project1\x64\debug\project1.pdb
c:\users\user\desktop\oop_lab\project1\project1\x64\debug\vc.nativecodeanalysis.all.xml
c:\users\user\desktop\oop_lab\project1\project1\x64\debug\project1.tlog\cl.command.1.tlog
c:\users\user\desktop\oop_lab\project1\project1\x64\debug\project1.tlog\cl.read.1.tlog
c:\users\user\desktop\oop_lab\project1\project1\x64\debug\project1.tlog\cl.write.1.tlog
c:\users\user\desktop\oop_lab\project1\project1\x64\debug\project1.tlog\link.command.1.tlog
c:\users\user\desktop\oop_lab\project1\project1\x64\debug\project1.tlog\link.read.1.tlog
c:\users\user\desktop\oop_lab\project1\project1\x64\debug\project1.tlog\link.write.1.tlog
